[2026-07-07T04:21:05Z] fleet-poll started (interval=600s) pid=35311
[2026-07-07T04:21:05Z] fleet-poll started (interval=600s) pid=35311
[2026-07-07T04:21:05Z] === fleet poll ===
[2026-07-07T04:21:05Z] === fleet poll ===
[2026-07-07T04:21:05Z] Mac containers: 6/6
[2026-07-07T04:21:05Z] Mac containers: 6/6
  managed containers: 6
    ecda86962305 ez-mac-runner-b-5 (running, up About a minute ago)
    99115666736c ez-mac-runner-b-4 (running, up About a minute ago)
    27908c6be2ea ez-mac-runner-b-1 (running, up 2 minutes ago)
    4066e0e6843a ez-mac-runner-b-3 (running, up 3 minutes ago)
    ad424af5ae19 ez-mac-runner-b-2 (running, up 26 minutes ago)
[2026-07-07T04:21:06Z]   Mac ezgha status failed
[2026-07-07T04:21:06Z]   Mac ezgha status failed
[2026-07-07T04:21:07Z] Linux containers: 15/16
[2026-07-07T04:21:07Z] Linux containers: 15/16
[2026-07-07T04:21:07Z] Linux watchdog kills (10m): 3
[2026-07-07T04:21:07Z] Linux watchdog kills (10m): 3
  linux service: active
[2026-07-07T04:21:08Z] Queue: queued=29 in_progress=11
[2026-07-07T04:21:08Z] Queue: queued=29 in_progress=11
[2026-07-07T04:21:08Z] ---
[2026-07-07T04:21:08Z] ---
[2026-07-07T04:31:09Z] === fleet poll ===
[2026-07-07T04:31:09Z] === fleet poll ===
[2026-07-07T04:31:09Z] Mac containers: 4/6
[2026-07-07T04:31:09Z] Mac containers: 4/6
  managed containers: 4
    dead8bab09e6 ez-mac-runner-b-2 (running, up 3 minutes ago)
    4c30a7ffda1c ez-mac-runner-b-6 (running, up 7 minutes ago)
    27908c6be2ea ez-mac-runner-b-1 (running, up 12 minutes ago)
    4066e0e6843a ez-mac-runner-b-3 (running, up 13 minutes ago)
  registered ezgha runners on jleechanorg: 5
[2026-07-07T04:31:11Z] Linux containers: 16/16
[2026-07-07T04:31:11Z] Linux containers: 16/16
[2026-07-07T04:31:11Z] Linux watchdog kills (10m): 4
[2026-07-07T04:31:11Z] Linux watchdog kills (10m): 4
  linux service: active
[2026-07-07T04:31:13Z] Queue: queued=27 in_progress=8
[2026-07-07T04:31:13Z] Queue: queued=27 in_progress=8
[2026-07-07T04:31:13Z] ---
[2026-07-07T04:31:13Z] ---
[2026-07-07T04:41:13Z] === fleet poll ===
[2026-07-07T04:41:13Z] === fleet poll ===
[2026-07-07T04:41:14Z] Mac containers: 5/6
[2026-07-07T04:41:14Z] Mac containers: 5/6
  managed containers: 5
    1ab8d340f5cd ez-mac-runner-b-4 (running, up 16 seconds ago)
    a16ded351b0f ez-mac-runner-b-1 (running, up About a minute ago)
    c74f0acf59c5 ez-mac-runner-b-6 (running, up 5 minutes ago)
    71776dac72fd ez-mac-runner-b-5 (running, up 9 minutes ago)
    4066e0e6843a ez-mac-runner-b-3 (running, up 23 minutes ago)
[2026-07-07T04:41:15Z]   Mac ezgha status failed
[2026-07-07T04:41:15Z]   Mac ezgha status failed
[2026-07-07T04:41:16Z] Linux containers: 15/16
[2026-07-07T04:41:16Z] Linux containers: 15/16
[2026-07-07T04:41:16Z] Linux watchdog kills (10m): 5
[2026-07-07T04:41:16Z] Linux watchdog kills (10m): 5
  linux service: active
[2026-07-07T04:41:17Z] Queue: queued=26 in_progress=12
[2026-07-07T04:41:17Z] Queue: queued=26 in_progress=12
[2026-07-07T04:41:17Z] ---
[2026-07-07T04:41:17Z] ---
[2026-07-07T04:51:17Z] === fleet poll ===
[2026-07-07T04:51:17Z] === fleet poll ===
[2026-07-07T04:51:18Z] Mac containers: 4/6
[2026-07-07T04:51:18Z] Mac containers: 4/6
  managed containers: 4
    8e82950b0bea ez-mac-runner-b-4 (running, up 53 seconds ago)
    21f3eeb8f31a ez-mac-runner-b-1 (running, up 4 minutes ago)
    0ac19d30d785 ez-mac-runner-b-2 (running, up 6 minutes ago)
    71776dac72fd ez-mac-runner-b-5 (running, up 19 minutes ago)
  registered ezgha runners on jleechanorg: 4
[2026-07-07T04:51:20Z] Linux containers: 15/16
[2026-07-07T04:51:20Z] Linux containers: 15/16
[2026-07-07T04:51:20Z] Linux watchdog kills (10m): 2
[2026-07-07T04:51:20Z] Linux watchdog kills (10m): 2
  linux service: active
[2026-07-07T04:51:22Z] Queue: queued=28 in_progress=8
[2026-07-07T04:51:22Z] Queue: queued=28 in_progress=8
[2026-07-07T04:51:22Z] ---
[2026-07-07T04:51:22Z] ---
[2026-07-07T05:01:22Z] === fleet poll ===
[2026-07-07T05:01:22Z] === fleet poll ===
[2026-07-07T05:01:23Z] Mac containers: 6/6
[2026-07-07T05:01:23Z] Mac containers: 6/6
  managed containers: 6
    08465bd45ece ez-mac-runner-b-4 (running, up 40 seconds ago)
    e7a35dacd77f ez-mac-runner-b-3 (running, up 46 seconds ago)
    0dfbe885a527 ez-mac-runner-b-2 (running, up About a minute ago)
    da381345affd ez-mac-runner-b-1 (running, up About a minute ago)
    5da6ba67ac45 ez-mac-runner-b-6 (running, up 2 minutes ago)
[2026-07-07T05:01:23Z]   Mac ezgha status failed
[2026-07-07T05:01:23Z]   Mac ezgha status failed
[2026-07-07T05:01:24Z] Linux containers: 14/16
[2026-07-07T05:01:24Z] Linux containers: 14/16
[2026-07-07T05:01:25Z] Linux watchdog kills (10m): 5
[2026-07-07T05:01:25Z] Linux watchdog kills (10m): 5
  linux service: active
[2026-07-07T05:01:26Z] Queue: queued=21 in_progress=13
[2026-07-07T05:01:26Z] Queue: queued=21 in_progress=13
[2026-07-07T05:01:26Z] ---
[2026-07-07T05:01:26Z] ---
[2026-07-07T05:11:26Z] === fleet poll ===
[2026-07-07T05:11:26Z] === fleet poll ===
[2026-07-07T05:11:28Z] Mac containers: 4/6
[2026-07-07T05:11:28Z] Mac containers: 4/6
  managed containers: 4
    4ec6c7eb888c ez-mac-runner-b-4 (running, up 3 minutes ago)
    02328a6e6cec ez-mac-runner-b-3 (running, up 3 minutes ago)
    9ea1202b0719 ez-mac-runner-b-2 (running, up 5 minutes ago)
    5da6ba67ac45 ez-mac-runner-b-6 (running, up 12 minutes ago)
  registered ezgha runners on jleechanorg: 3
[2026-07-07T05:11:29Z] Linux containers: 10/16
[2026-07-07T05:11:29Z] Linux containers: 10/16
[2026-07-07T05:11:30Z] Linux watchdog kills (10m): 3
[2026-07-07T05:11:30Z] Linux watchdog kills (10m): 3
  linux service: active
[2026-07-07T05:11:31Z] Queue: queued=25 in_progress=6
[2026-07-07T05:11:31Z] Queue: queued=25 in_progress=6
[2026-07-07T05:11:31Z] ---
[2026-07-07T05:11:31Z] ---
[2026-07-07T05:21:31Z] === fleet poll ===
[2026-07-07T05:21:31Z] === fleet poll ===
[2026-07-07T05:21:34Z] Mac containers: 5/6
[2026-07-07T05:21:34Z] Mac containers: 5/6
  managed containers: 5
    aac0a80ad830 ez-mac-runner-b-4 (running, up About a minute ago)
    b2fa96af74e2 ez-mac-runner-b-1 (running, up 2 minutes ago)
    6618e65083cb ez-mac-runner-b-5 (running, up 7 minutes ago)
    a75a85915c88 ez-mac-runner-b-3 (running, up 9 minutes ago)
    5da6ba67ac45 ez-mac-runner-b-6 (running, up 23 minutes ago)
[2026-07-07T05:21:35Z]   Mac ezgha status failed
[2026-07-07T05:21:35Z]   Mac ezgha status failed
[2026-07-07T05:21:36Z] Linux containers: 15/16
[2026-07-07T05:21:36Z] Linux containers: 15/16
[2026-07-07T05:21:36Z] Linux watchdog kills (10m): 2
[2026-07-07T05:21:36Z] Linux watchdog kills (10m): 2
  linux service: activating
[2026-07-07T05:21:37Z]   Linux SSH failed
[2026-07-07T05:21:37Z]   Linux SSH failed
[2026-07-07T05:21:38Z] Queue: queued=15 in_progress=10
[2026-07-07T05:21:38Z] Queue: queued=15 in_progress=10
[2026-07-07T05:21:38Z] ---
[2026-07-07T05:21:38Z] ---
[2026-07-07T05:31:38Z] === fleet poll ===
[2026-07-07T05:31:38Z] === fleet poll ===
[2026-07-07T05:31:38Z] Mac containers: 6/6
[2026-07-07T05:31:38Z] Mac containers: 6/6
  managed containers: 6
    b013044b5cfc ez-mac-runner-b-5 (running, up About a minute ago)
    04392e9b39a9 ez-mac-runner-b-4 (running, up About a minute ago)
    557a5f4dfdf1 ez-mac-runner-b-3 (running, up About a minute ago)
    350837b97439 ez-mac-runner-b-2 (running, up About a minute ago)
    51bc9adbd0c2 ez-mac-runner-b-1 (running, up About a minute ago)
[2026-07-07T05:31:39Z]   Mac ezgha status failed
[2026-07-07T05:31:39Z]   Mac ezgha status failed
[2026-07-07T05:31:39Z] Linux containers: 13/16
[2026-07-07T05:31:39Z] Linux containers: 13/16
[2026-07-07T05:31:40Z] Linux watchdog kills (10m): 2
[2026-07-07T05:31:40Z] Linux watchdog kills (10m): 2
  linux service: active
[2026-07-07T05:31:41Z] Queue: queued=31 in_progress=9
[2026-07-07T05:31:41Z] Queue: queued=31 in_progress=9
[2026-07-07T05:31:41Z] ---
[2026-07-07T05:31:41Z] ---
[2026-07-07T05:41:41Z] === fleet poll ===
[2026-07-07T05:41:41Z] === fleet poll ===
[2026-07-07T05:41:45Z] Mac containers: 6/6
[2026-07-07T05:41:45Z] Mac containers: 6/6
  managed containers: 6
    a9ec133cb99d ez-mac-runner-b-5 (running, up 2 minutes ago)
    37168a68168d ez-mac-runner-b-2 (running, up 2 minutes ago)
    04392e9b39a9 ez-mac-runner-b-4 (running, up 11 minutes ago)
    557a5f4dfdf1 ez-mac-runner-b-3 (running, up 11 minutes ago)
    51bc9adbd0c2 ez-mac-runner-b-1 (running, up 11 minutes ago)
[2026-07-07T05:41:48Z]   Mac ezgha status failed
[2026-07-07T05:41:48Z]   Mac ezgha status failed
[2026-07-07T05:41:49Z] Linux containers: 16/16
[2026-07-07T05:41:49Z] Linux containers: 16/16
[2026-07-07T05:41:49Z] Linux watchdog kills (10m): 2
[2026-07-07T05:41:49Z] Linux watchdog kills (10m): 2
  linux service: active
[2026-07-07T05:41:52Z] Queue: queued=29 in_progress=12
[2026-07-07T05:41:52Z] Queue: queued=29 in_progress=12
[2026-07-07T05:41:52Z] ---
[2026-07-07T05:41:52Z] ---
[2026-07-07T05:51:52Z] === fleet poll ===
[2026-07-07T05:51:52Z] === fleet poll ===
[2026-07-07T05:51:56Z] Mac containers: 6/6
[2026-07-07T05:51:56Z] Mac containers: 6/6
  managed containers: 6
    820c20534dec ez-mac-runner-b-5 (running, up 2 minutes ago)
    686500fc01f2 ez-mac-runner-b-4 (running, up 4 minutes ago)
    643a2af76817 ez-mac-runner-b-1 (running, up 5 minutes ago)
    37168a68168d ez-mac-runner-b-2 (running, up 12 minutes ago)
    557a5f4dfdf1 ez-mac-runner-b-3 (running, up 21 minutes ago)
[2026-07-07T05:51:59Z]   Mac ezgha status failed
[2026-07-07T05:51:59Z]   Mac ezgha status failed
[2026-07-07T05:52:00Z] Linux containers: 11/16
[2026-07-07T05:52:00Z] Linux containers: 11/16
[2026-07-07T05:52:01Z] Linux watchdog kills (10m): 4
[2026-07-07T05:52:01Z] Linux watchdog kills (10m): 4
  linux service: active
[2026-07-07T05:52:03Z] Queue: queued=43 in_progress=7
[2026-07-07T05:52:03Z] Queue: queued=43 in_progress=7
[2026-07-07T05:52:03Z] ---
[2026-07-07T05:52:03Z] ---
[2026-07-07T06:02:03Z] === fleet poll ===
[2026-07-07T06:02:03Z] === fleet poll ===
[2026-07-07T06:02:06Z] Mac containers: 4/6
[2026-07-07T06:02:06Z] Mac containers: 4/6
  managed containers: 4
    643a2af76817 ez-mac-runner-b-1 (running, up 15 minutes ago)
    37168a68168d ez-mac-runner-b-2 (running, up 22 minutes ago)
    557a5f4dfdf1 ez-mac-runner-b-3 (running, up 31 minutes ago)
    5da6ba67ac45 ez-mac-runner-b-6 (running, up About an hour ago)
  registered ezgha runners on jleechanorg: 3
[2026-07-07T06:02:11Z] Linux containers: 14/16
[2026-07-07T06:02:11Z] Linux containers: 14/16
[2026-07-07T06:02:12Z] Linux watchdog kills (10m): 2
[2026-07-07T06:02:12Z] Linux watchdog kills (10m): 2
  linux service: active
[2026-07-07T06:02:15Z] Queue: queued=49 in_progress=17
[2026-07-07T06:02:15Z] Queue: queued=49 in_progress=17
[2026-07-07T06:02:15Z] ---
[2026-07-07T06:02:15Z] ---
